2025-12-28 20:47:00 | INFO | repo=course-sys-int-systems | action=commit
2025-03-01 20:35:00 | DEBUG | repo=course-sys-int-systems | action=commit
2025-11-17 18:57:00 | WARN | repo=course-sys-int-systems | action=commit
2025-11-12 18:06:00 | DEBUG | repo=course-sys-int-systems | action=commit
2025-09-13 21:00:00 | INFO | repo=course-sys-int-systems | action=commit
2025-12-05 17:20:00 | DEBUG | repo=course-sys-int-systems | action=commit
2025-08-24 15:51:00 | INFO | repo=course-sys-int-systems | action=commit
2025-05-17 08:17:00 | WARN | repo=course-sys-int-systems | action=edit | files=3
2025-07-06 13:46:00 | WARN | repo=course-sys-int-systems | action=commit
2025-02-25 16:32:00 | WARN | repo=course-sys-int-systems | action=commit
2025-10-13 19:56:00 | DEBUG | repo=course-sys-int-systems | action=commit
2025-03-23 15:26:00 | WARN | repo=course-sys-int-systems | action=edit | files=5
2025-06-10 15:58:00 | WARN | repo=course-sys-int-systems | action=commit
2025-02-03 15:13:00 | INFO | repo=course-sys-int-systems | action=commit
2025-04-15 16:28:00 | INFO | repo=course-sys-int-systems | action=commit
2025-10-05 19:04:00 | WARN | repo=course-sys-int-systems | action=commit
2025-08-04 21:53:00 | DEBUG | repo=course-sys-int-systems | action=commit
2025-09-18 18:15:00 | WARN | repo=course-sys-int-systems | action=commit
2025-10-14 12:21:00 | WARN | repo=course-sys-int-systems | action=pull
2025-02-24 07:05:00 | INFO | repo=course-sys-int-systems | action=commit
2025-05-01 16:54:00 | DEBUG | repo=course-sys-int-systems | action=commit
2025-06-04 08:34:00 | WARN | repo=course-sys-int-systems | action=commit
2025-12-14 08:57:00 | DEBUG | repo=course-sys-int-systems | action=commit
2025-04-22 19:03:00 | DEBUG | repo=course-sys-int-systems | action=commit
2025-04-27 10:46:00 | DEBUG | repo=course-sys-int-systems | action=commit
2025-09-05 20:20:00 | INFO | repo=course-sys-int-systems | action=pull
2025-09-26 19:12:00 | DEBUG | repo=course-sys-int-systems | action=commit
2025-09-05 18:00:00 | WARN | repo=course-sys-int-systems | action=commit
2025-12-28 21:50:00 | INFO | repo=course-sys-int-systems | action=commit
2025-03-08 08:04:00 | WARN | repo=course-sys-int-systems | action=pull
2025-05-15 09:53:00 | INFO | repo=course-sys-int-systems | action=commit
2025-02-12 09:50:00 | WARN | repo=course-sys-int-systems | action=commit
2025-09-18 07:14:00 | DEBUG | repo=course-sys-int-systems | action=commit
2025-12-18 12:40:00 | INFO | repo=course-sys-int-systems | action=test | passed=true
2025-06-28 11:01:00 | DEBUG | repo=course-sys-int-systems | action=commit
2025-08-23 17:53:00 | WARN | repo=course-sys-int-systems | action=commit
